1619083059633	geckodriver	INFO	Listening on 127.0.0.1:57619
1619083060641	mozrunner::runner	INFO	Running command: "/usr/bin/firefox" "--marionette" "-foreground" "-no-remote" "-profile" "/tmp/rust_mozprofileeCqKsa"

(firefox:6609): Gtk-WARNING **: 17:17:40.720: Theme parsing error: gtk.css:9287:102: The :focused pseudo-class is deprecated. Use :focus instead.

(firefox:6609): Gtk-WARNING **: 17:17:40.720: Theme parsing error: gtk.css:9292:114: The :focused pseudo-class is deprecated. Use :focus instead.

(/usr/lib/firefox/firefox:6696): Gtk-WARNING **: 17:17:41.704: Theme parsing error: gtk.css:9287:102: The :focused pseudo-class is deprecated. Use :focus instead.

(/usr/lib/firefox/firefox:6696): Gtk-WARNING **: 17:17:41.705: Theme parsing error: gtk.css:9292:114: The :focused pseudo-class is deprecated. Use :focus instead.

(firefox:6609): Gtk-WARNING **: 17:17:41.746: Theme parsing error: gtk.css:9287:102: The :focused pseudo-class is deprecated. Use :focus instead.

(firefox:6609): Gtk-WARNING **: 17:17:41.746: Theme parsing error: gtk.css:9292:114: The :focused pseudo-class is deprecated. Use :focus instead.

(firefox:6609): Gtk-WARNING **: 17:17:41.816: Theme parsing error: gtk.css:9287:102: The :focused pseudo-class is deprecated. Use :focus instead.

(firefox:6609): Gtk-WARNING **: 17:17:41.816: Theme parsing error: gtk.css:9292:114: The :focused pseudo-class is deprecated. Use :focus instead.

(/usr/lib/firefox/firefox:6728): Gtk-WARNING **: 17:17:42.025: Theme parsing error: gtk.css:9287:102: The :focused pseudo-class is deprecated. Use :focus instead.

(/usr/lib/firefox/firefox:6728): Gtk-WARNING **: 17:17:42.025: Theme parsing error: gtk.css:9292:114: The :focused pseudo-class is deprecated. Use :focus instead.
console.warn: SearchSettings: "get: No settings file exists, new profile?" (new Error("", "(unknown module)"))

(/usr/lib/firefox/firefox:6812): Gtk-WARNING **: 17:17:43.038: Theme parsing error: gtk.css:9287:102: The :focused pseudo-class is deprecated. Use :focus instead.

(/usr/lib/firefox/firefox:6812): Gtk-WARNING **: 17:17:43.039: Theme parsing error: gtk.css:9292:114: The :focused pseudo-class is deprecated. Use :focus instead.
1619083063083	Marionette	INFO	Listening on port 41233
1619083063165	Marionette	WARN	TLS certificate errors will be ignored for this session
1619083111519	geckodriver	INFO	Listening on 127.0.0.1:59687
1619083111522	mozrunner::runner	INFO	Running command: "/usr/bin/firefox" "--marionette" "-foreground" "-no-remote" "-profile" "/tmp/rust_mozprofileKGadNL"

(firefox:7125): Gtk-WARNING **: 17:18:31.581: Theme parsing error: gtk.css:9287:102: The :focused pseudo-class is deprecated. Use :focus instead.

(firefox:7125): Gtk-WARNING **: 17:18:31.581: Theme parsing error: gtk.css:9292:114: The :focused pseudo-class is deprecated. Use :focus instead.

(/usr/lib/firefox/firefox:7214): Gtk-WARNING **: 17:18:32.612: Theme parsing error: gtk.css:9287:102: The :focused pseudo-class is deprecated. Use :focus instead.

(/usr/lib/firefox/firefox:7214): Gtk-WARNING **: 17:18:32.612: Theme parsing error: gtk.css:9292:114: The :focused pseudo-class is deprecated. Use :focus instead.

(firefox:7125): Gtk-WARNING **: 17:18:32.649: Theme parsing error: gtk.css:9287:102: The :focused pseudo-class is deprecated. Use :focus instead.

(firefox:7125): Gtk-WARNING **: 17:18:32.649: Theme parsing error: gtk.css:9292:114: The :focused pseudo-class is deprecated. Use :focus instead.

(firefox:7125): Gtk-WARNING **: 17:18:32.717: Theme parsing error: gtk.css:9287:102: The :focused pseudo-class is deprecated. Use :focus instead.

(firefox:7125): Gtk-WARNING **: 17:18:32.717: Theme parsing error: gtk.css:9292:114: The :focused pseudo-class is deprecated. Use :focus instead.

(/usr/lib/firefox/firefox:7243): Gtk-WARNING **: 17:18:32.931: Theme parsing error: gtk.css:9287:102: The :focused pseudo-class is deprecated. Use :focus instead.

(/usr/lib/firefox/firefox:7243): Gtk-WARNING **: 17:18:32.931: Theme parsing error: gtk.css:9292:114: The :focused pseudo-class is deprecated. Use :focus instead.
console.warn: SearchSettings: "get: No settings file exists, new profile?" (new Error("", "(unknown module)"))

(/usr/lib/firefox/firefox:7322): Gtk-WARNING **: 17:18:33.903: Theme parsing error: gtk.css:9287:102: The :focused pseudo-class is deprecated. Use :focus instead.

(/usr/lib/firefox/firefox:7322): Gtk-WARNING **: 17:18:33.903: Theme parsing error: gtk.css:9292:114: The :focused pseudo-class is deprecated. Use :focus instead.
1619083113928	Marionette	INFO	Listening on port 42669
1619083114043	Marionette	WARN	TLS certificate errors will be ignored for this session
1619083152605	Marionette	INFO	Stopped listening on port 42669

###!!! [Parent][RunMessage] Error: Channel closing: too late to send/recv, messages will be lost

1619083153904	Marionette	INFO	Stopped listening on port 41233

###!!! [Parent][RunMessage] Error: Channel closing: too late to send/recv, messages will be lost

1619083218846	geckodriver	INFO	Listening on 127.0.0.1:44053
1619083218850	mozrunner::runner	INFO	Running command: "/usr/bin/firefox" "--marionette" "-foreground" "-no-remote" "-profile" "/tmp/rust_mozprofile6mg0L9"

(firefox:7545): Gtk-WARNING **: 17:20:18.912: Theme parsing error: gtk.css:9287:102: The :focused pseudo-class is deprecated. Use :focus instead.

(firefox:7545): Gtk-WARNING **: 17:20:18.912: Theme parsing error: gtk.css:9292:114: The :focused pseudo-class is deprecated. Use :focus instead.

(/usr/lib/firefox/firefox:7635): Gtk-WARNING **: 17:20:19.978: Theme parsing error: gtk.css:9287:102: The :focused pseudo-class is deprecated. Use :focus instead.

(/usr/lib/firefox/firefox:7635): Gtk-WARNING **: 17:20:19.978: Theme parsing error: gtk.css:9292:114: The :focused pseudo-class is deprecated. Use :focus instead.

(firefox:7545): Gtk-WARNING **: 17:20:20.021: Theme parsing error: gtk.css:9287:102: The :focused pseudo-class is deprecated. Use :focus instead.

(firefox:7545): Gtk-WARNING **: 17:20:20.021: Theme parsing error: gtk.css:9292:114: The :focused pseudo-class is deprecated. Use :focus instead.

(firefox:7545): Gtk-WARNING **: 17:20:20.102: Theme parsing error: gtk.css:9287:102: The :focused pseudo-class is deprecated. Use :focus instead.

(firefox:7545): Gtk-WARNING **: 17:20:20.102: Theme parsing error: gtk.css:9292:114: The :focused pseudo-class is deprecated. Use :focus instead.

(/usr/lib/firefox/firefox:7663): Gtk-WARNING **: 17:20:20.320: Theme parsing error: gtk.css:9287:102: The :focused pseudo-class is deprecated. Use :focus instead.

(/usr/lib/firefox/firefox:7663): Gtk-WARNING **: 17:20:20.320: Theme parsing error: gtk.css:9292:114: The :focused pseudo-class is deprecated. Use :focus instead.
console.warn: SearchSettings: "get: No settings file exists, new profile?" (new Error("", "(unknown module)"))

(/usr/lib/firefox/firefox:7740): Gtk-WARNING **: 17:20:21.366: Theme parsing error: gtk.css:9287:102: The :focused pseudo-class is deprecated. Use :focus instead.

(/usr/lib/firefox/firefox:7740): Gtk-WARNING **: 17:20:21.367: Theme parsing error: gtk.css:9292:114: The :focused pseudo-class is deprecated. Use :focus instead.
1619083221378	Marionette	INFO	Listening on port 37571
1619083221472	Marionette	WARN	TLS certificate errors will be ignored for this session
1619083244012	Marionette	INFO	Stopped listening on port 37571

###!!! [Parent][RunMessage] Error: Channel closing: too late to send/recv, messages will be lost

1619340931575	geckodriver	INFO	Listening on 127.0.0.1:42237
1619340932586	mozrunner::runner	INFO	Running command: "/usr/bin/firefox" "--marionette" "-foreground" "-no-remote" "-profile" "/tmp/rust_mozprofileYe39cy"

(firefox:30755): Gtk-WARNING **: 16:55:32.679: Theme parsing error: gtk.css:9287:102: The :focused pseudo-class is deprecated. Use :focus instead.

(firefox:30755): Gtk-WARNING **: 16:55:32.679: Theme parsing error: gtk.css:9292:114: The :focused pseudo-class is deprecated. Use :focus instead.

(/usr/lib/firefox/firefox:30840): Gtk-WARNING **: 16:55:33.748: Theme parsing error: gtk.css:9287:102: The :focused pseudo-class is deprecated. Use :focus instead.

(/usr/lib/firefox/firefox:30840): Gtk-WARNING **: 16:55:33.748: Theme parsing error: gtk.css:9292:114: The :focused pseudo-class is deprecated. Use :focus instead.

(firefox:30755): Gtk-WARNING **: 16:55:33.785: Theme parsing error: gtk.css:9287:102: The :focused pseudo-class is deprecated. Use :focus instead.

(firefox:30755): Gtk-WARNING **: 16:55:33.785: Theme parsing error: gtk.css:9292:114: The :focused pseudo-class is deprecated. Use :focus instead.

(firefox:30755): Gtk-WARNING **: 16:55:33.854: Theme parsing error: gtk.css:9287:102: The :focused pseudo-class is deprecated. Use :focus instead.

(firefox:30755): Gtk-WARNING **: 16:55:33.854: Theme parsing error: gtk.css:9292:114: The :focused pseudo-class is deprecated. Use :focus instead.

(/usr/lib/firefox/firefox:30872): Gtk-WARNING **: 16:55:34.056: Theme parsing error: gtk.css:9287:102: The :focused pseudo-class is deprecated. Use :focus instead.

(/usr/lib/firefox/firefox:30872): Gtk-WARNING **: 16:55:34.056: Theme parsing error: gtk.css:9292:114: The :focused pseudo-class is deprecated. Use :focus instead.
console.warn: SearchSettings: "get: No settings file exists, new profile?" (new Error("", "(unknown module)"))

(/usr/lib/firefox/firefox:30956): Gtk-WARNING **: 16:55:35.144: Theme parsing error: gtk.css:9287:102: The :focused pseudo-class is deprecated. Use :focus instead.

(/usr/lib/firefox/firefox:30956): Gtk-WARNING **: 16:55:35.144: Theme parsing error: gtk.css:9292:114: The :focused pseudo-class is deprecated. Use :focus instead.
1619340935165	Marionette	INFO	Listening on port 36089
1619340935215	Marionette	WARN	TLS certificate errors will be ignored for this session
JavaScript warning: http://eol.sdfmu.edu.cn/meol/styles/main/js/fancyBox/lib/jquery-1.9.0.min.js, line 4: Using //@ to indicate sourceMappingURL pragmas is deprecated. Use //# instead
JavaScript error: http://bdimg.share.baidu.com/static/api/js/trans/logger.js?v=60603cb3.js, line 1: TypeError: n.ajax.request is not a function
1619341005312	Marionette	INFO	Stopped listening on port 36089

###!!! [Parent][RunMessage] Error: Channel closing: too late to send/recv, messages will be lost

1619341007667	geckodriver	INFO	Listening on 127.0.0.1:38395
1619341007670	mozrunner::runner	INFO	Running command: "/usr/bin/firefox" "--marionette" "-foreground" "-no-remote" "-profile" "/tmp/rust_mozprofile0kvtXi"

(firefox:31075): Gtk-WARNING **: 16:56:47.727: Theme parsing error: gtk.css:9287:102: The :focused pseudo-class is deprecated. Use :focus instead.

(firefox:31075): Gtk-WARNING **: 16:56:47.727: Theme parsing error: gtk.css:9292:114: The :focused pseudo-class is deprecated. Use :focus instead.

(/usr/lib/firefox/firefox:31161): Gtk-WARNING **: 16:56:48.719: Theme parsing error: gtk.css:9287:102: The :focused pseudo-class is deprecated. Use :focus instead.

(/usr/lib/firefox/firefox:31161): Gtk-WARNING **: 16:56:48.720: Theme parsing error: gtk.css:9292:114: The :focused pseudo-class is deprecated. Use :focus instead.

(firefox:31075): Gtk-WARNING **: 16:56:48.756: Theme parsing error: gtk.css:9287:102: The :focused pseudo-class is deprecated. Use :focus instead.

(firefox:31075): Gtk-WARNING **: 16:56:48.756: Theme parsing error: gtk.css:9292:114: The :focused pseudo-class is deprecated. Use :focus instead.

(firefox:31075): Gtk-WARNING **: 16:56:48.825: Theme parsing error: gtk.css:9287:102: The :focused pseudo-class is deprecated. Use :focus instead.

(firefox:31075): Gtk-WARNING **: 16:56:48.825: Theme parsing error: gtk.css:9292:114: The :focused pseudo-class is deprecated. Use :focus instead.

(/usr/lib/firefox/firefox:31191): Gtk-WARNING **: 16:56:49.078: Theme parsing error: gtk.css:9287:102: The :focused pseudo-class is deprecated. Use :focus instead.

(/usr/lib/firefox/firefox:31191): Gtk-WARNING **: 16:56:49.079: Theme parsing error: gtk.css:9292:114: The :focused pseudo-class is deprecated. Use :focus instead.
console.warn: SearchSettings: "get: No settings file exists, new profile?" (new Error("", "(unknown module)"))

(/usr/lib/firefox/firefox:31272): Gtk-WARNING **: 16:56:50.269: Theme parsing error: gtk.css:9287:102: The :focused pseudo-class is deprecated. Use :focus instead.

(/usr/lib/firefox/firefox:31272): Gtk-WARNING **: 16:56:50.269: Theme parsing error: gtk.css:9292:114: The :focused pseudo-class is deprecated. Use :focus instead.
1619341010295	Marionette	INFO	Listening on port 46301
1619341010402	Marionette	WARN	TLS certificate errors will be ignored for this session
JavaScript warning: http://eol.sdfmu.edu.cn/meol/styles/main/js/fancyBox/lib/jquery-1.9.0.min.js, line 4: Using //@ to indicate sourceMappingURL pragmas is deprecated. Use //# instead
JavaScript error: http://bdimg.share.baidu.com/static/api/js/trans/logger.js?v=60603cb3.js, line 1: TypeError: n.ajax.request is not a function
1619341101591	Marionette	INFO	Stopped listening on port 46301

###!!! [Parent][RunMessage] Error: Channel closing: too late to send/recv, messages will be lost

1619341103526	geckodriver	INFO	Listening on 127.0.0.1:54667
1619341103529	mozrunner::runner	INFO	Running command: "/usr/bin/firefox" "--marionette" "-foreground" "-no-remote" "-profile" "/tmp/rust_mozprofilejnKcJK"

(firefox:31409): Gtk-WARNING **: 16:58:23.606: Theme parsing error: gtk.css:9287:102: The :focused pseudo-class is deprecated. Use :focus instead.

(firefox:31409): Gtk-WARNING **: 16:58:23.606: Theme parsing error: gtk.css:9292:114: The :focused pseudo-class is deprecated. Use :focus instead.

(/usr/lib/firefox/firefox:31501): Gtk-WARNING **: 16:58:24.714: Theme parsing error: gtk.css:9287:102: The :focused pseudo-class is deprecated. Use :focus instead.

(/usr/lib/firefox/firefox:31501): Gtk-WARNING **: 16:58:24.714: Theme parsing error: gtk.css:9292:114: The :focused pseudo-class is deprecated. Use :focus instead.

(firefox:31409): Gtk-WARNING **: 16:58:24.752: Theme parsing error: gtk.css:9287:102: The :focused pseudo-class is deprecated. Use :focus instead.

(firefox:31409): Gtk-WARNING **: 16:58:24.752: Theme parsing error: gtk.css:9292:114: The :focused pseudo-class is deprecated. Use :focus instead.

(firefox:31409): Gtk-WARNING **: 16:58:24.820: Theme parsing error: gtk.css:9287:102: The :focused pseudo-class is deprecated. Use :focus instead.

(firefox:31409): Gtk-WARNING **: 16:58:24.820: Theme parsing error: gtk.css:9292:114: The :focused pseudo-class is deprecated. Use :focus instead.

(/usr/lib/firefox/firefox:31529): Gtk-WARNING **: 16:58:25.027: Theme parsing error: gtk.css:9287:102: The :focused pseudo-class is deprecated. Use :focus instead.

(/usr/lib/firefox/firefox:31529): Gtk-WARNING **: 16:58:25.027: Theme parsing error: gtk.css:9292:114: The :focused pseudo-class is deprecated. Use :focus instead.
console.warn: SearchSettings: "get: No settings file exists, new profile?" (new Error("", "(unknown module)"))

(/usr/lib/firefox/firefox:31607): Gtk-WARNING **: 16:58:26.061: Theme parsing error: gtk.css:9287:102: The :focused pseudo-class is deprecated. Use :focus instead.

(/usr/lib/firefox/firefox:31607): Gtk-WARNING **: 16:58:26.061: Theme parsing error: gtk.css:9292:114: The :focused pseudo-class is deprecated. Use :focus instead.
1619341106069	Marionette	INFO	Listening on port 46177
1619341106154	Marionette	WARN	TLS certificate errors will be ignored for this session
JavaScript warning: http://eol.sdfmu.edu.cn/meol/styles/main/js/fancyBox/lib/jquery-1.9.0.min.js, line 4: Using //@ to indicate sourceMappingURL pragmas is deprecated. Use //# instead
JavaScript error: http://bdimg.share.baidu.com/static/api/js/trans/logger.js?v=60603cb3.js, line 1: TypeError: n.ajax.request is not a function
1619341138320	Marionette	INFO	Stopped listening on port 46177
1619341613175	geckodriver	INFO	Listening on 127.0.0.1:51345
1619341613179	mozrunner::runner	INFO	Running command: "/usr/bin/firefox" "--marionette" "-foreground" "-no-remote" "-profile" "/tmp/rust_mozprofiles378Sa"

(firefox:32783): Gtk-WARNING **: 17:06:53.263: Theme parsing error: gtk.css:9287:102: The :focused pseudo-class is deprecated. Use :focus instead.

(firefox:32783): Gtk-WARNING **: 17:06:53.263: Theme parsing error: gtk.css:9292:114: The :focused pseudo-class is deprecated. Use :focus instead.

(/usr/lib/firefox/firefox:32874): Gtk-WARNING **: 17:06:54.412: Theme parsing error: gtk.css:9287:102: The :focused pseudo-class is deprecated. Use :focus instead.

(/usr/lib/firefox/firefox:32874): Gtk-WARNING **: 17:06:54.412: Theme parsing error: gtk.css:9292:114: The :focused pseudo-class is deprecated. Use :focus instead.

(firefox:32783): Gtk-WARNING **: 17:06:54.452: Theme parsing error: gtk.css:9287:102: The :focused pseudo-class is deprecated. Use :focus instead.

(firefox:32783): Gtk-WARNING **: 17:06:54.452: Theme parsing error: gtk.css:9292:114: The :focused pseudo-class is deprecated. Use :focus instead.

(firefox:32783): Gtk-WARNING **: 17:06:54.530: Theme parsing error: gtk.css:9287:102: The :focused pseudo-class is deprecated. Use :focus instead.

(firefox:32783): Gtk-WARNING **: 17:06:54.530: Theme parsing error: gtk.css:9292:114: The :focused pseudo-class is deprecated. Use :focus instead.

(/usr/lib/firefox/firefox:32902): Gtk-WARNING **: 17:06:54.750: Theme parsing error: gtk.css:9287:102: The :focused pseudo-class is deprecated. Use :focus instead.

(/usr/lib/firefox/firefox:32902): Gtk-WARNING **: 17:06:54.750: Theme parsing error: gtk.css:9292:114: The :focused pseudo-class is deprecated. Use :focus instead.
console.warn: SearchSettings: "get: No settings file exists, new profile?" (new Error("", "(unknown module)"))

(/usr/lib/firefox/firefox:32982): Gtk-WARNING **: 17:06:55.814: Theme parsing error: gtk.css:9287:102: The :focused pseudo-class is deprecated. Use :focus instead.

(/usr/lib/firefox/firefox:32982): Gtk-WARNING **: 17:06:55.814: Theme parsing error: gtk.css:9292:114: The :focused pseudo-class is deprecated. Use :focus instead.
1619341615822	Marionette	INFO	Listening on port 40189
1619341615907	Marionette	WARN	TLS certificate errors will be ignored for this session
JavaScript warning: http://eol.sdfmu.edu.cn/meol/styles/main/js/fancyBox/lib/jquery-1.9.0.min.js, line 4: Using //@ to indicate sourceMappingURL pragmas is deprecated. Use //# instead
1619341621174	Marionette	WARN	Ignoring event 'DOMContentLoaded' because document has an invalid readyState of 'complete'.
JavaScript error: http://bdimg.share.baidu.com/static/api/js/trans/logger.js?v=60603cb3.js, line 1: TypeError: n.ajax.request is not a function
1619341652028	Marionette	INFO	Stopped listening on port 40189

###!!! [Parent][RunMessage] Error: Channel closing: too late to send/recv, messages will be lost

1619341964957	geckodriver	INFO	Listening on 127.0.0.1:43857
1619341964960	mozrunner::runner	INFO	Running command: "/usr/bin/firefox" "--marionette" "-foreground" "-no-remote" "-profile" "/tmp/rust_mozprofileA8ZbHH"

(firefox:33468): Gtk-WARNING **: 17:12:45.018: Theme parsing error: gtk.css:9287:102: The :focused pseudo-class is deprecated. Use :focus instead.

(firefox:33468): Gtk-WARNING **: 17:12:45.018: Theme parsing error: gtk.css:9292:114: The :focused pseudo-class is deprecated. Use :focus instead.

(/usr/lib/firefox/firefox:33558): Gtk-WARNING **: 17:12:46.066: Theme parsing error: gtk.css:9287:102: The :focused pseudo-class is deprecated. Use :focus instead.

(/usr/lib/firefox/firefox:33558): Gtk-WARNING **: 17:12:46.066: Theme parsing error: gtk.css:9292:114: The :focused pseudo-class is deprecated. Use :focus instead.

(firefox:33468): Gtk-WARNING **: 17:12:46.102: Theme parsing error: gtk.css:9287:102: The :focused pseudo-class is deprecated. Use :focus instead.

(firefox:33468): Gtk-WARNING **: 17:12:46.103: Theme parsing error: gtk.css:9292:114: The :focused pseudo-class is deprecated. Use :focus instead.

(firefox:33468): Gtk-WARNING **: 17:12:46.172: Theme parsing error: gtk.css:9287:102: The :focused pseudo-class is deprecated. Use :focus instead.

(firefox:33468): Gtk-WARNING **: 17:12:46.172: Theme parsing error: gtk.css:9292:114: The :focused pseudo-class is deprecated. Use :focus instead.

(/usr/lib/firefox/firefox:33586): Gtk-WARNING **: 17:12:46.397: Theme parsing error: gtk.css:9287:102: The :focused pseudo-class is deprecated. Use :focus instead.

(/usr/lib/firefox/firefox:33586): Gtk-WARNING **: 17:12:46.397: Theme parsing error: gtk.css:9292:114: The :focused pseudo-class is deprecated. Use :focus instead.
console.warn: SearchSettings: "get: No settings file exists, new profile?" (new Error("", "(unknown module)"))

(/usr/lib/firefox/firefox:33666): Gtk-WARNING **: 17:12:47.437: Theme parsing error: gtk.css:9287:102: The :focused pseudo-class is deprecated. Use :focus instead.

(/usr/lib/firefox/firefox:33666): Gtk-WARNING **: 17:12:47.437: Theme parsing error: gtk.css:9292:114: The :focused pseudo-class is deprecated. Use :focus instead.
1619341967444	Marionette	INFO	Listening on port 42441
1619341967483	Marionette	WARN	TLS certificate errors will be ignored for this session
JavaScript warning: http://eol.sdfmu.edu.cn/meol/styles/main/js/fancyBox/lib/jquery-1.9.0.min.js, line 4: Using //@ to indicate sourceMappingURL pragmas is deprecated. Use //# instead
1619341974164	Marionette	WARN	Ignoring event 'DOMContentLoaded' because document has an invalid readyState of 'complete'.
1619341978261	Marionette	WARN	Ignoring event 'DOMContentLoaded' because document has an invalid readyState of 'complete'.
JavaScript error: http://eol.sdfmu.edu.cn/meol/common/ueditor/ueditor.theol.js, line 2: ReferenceError: UE is not defined
JavaScript error: http://eol.sdfmu.edu.cn/meol/common/ueditor/ueditor.theol.js, line 2: ReferenceError: UE is not defined
JavaScript error: http://bdimg.share.baidu.com/static/api/js/trans/logger.js?v=60603cb3.js, line 1: TypeError: n.ajax.request is not a function
1619342171470	Marionette	INFO	Stopped listening on port 42441

###!!! [Parent][RunMessage] Error: Channel closing: too late to send/recv, messages will be lost

1619342186301	geckodriver	INFO	Listening on 127.0.0.1:37029
1619342186304	mozrunner::runner	INFO	Running command: "/usr/bin/firefox" "--marionette" "-foreground" "-no-remote" "-profile" "/tmp/rust_mozprofilewtkFdj"

(firefox:34047): Gtk-WARNING **: 17:16:26.362: Theme parsing error: gtk.css:9287:102: The :focused pseudo-class is deprecated. Use :focus instead.

(firefox:34047): Gtk-WARNING **: 17:16:26.362: Theme parsing error: gtk.css:9292:114: The :focused pseudo-class is deprecated. Use :focus instead.

(/usr/lib/firefox/firefox:34137): Gtk-WARNING **: 17:16:27.485: Theme parsing error: gtk.css:9287:102: The :focused pseudo-class is deprecated. Use :focus instead.

(/usr/lib/firefox/firefox:34137): Gtk-WARNING **: 17:16:27.485: Theme parsing error: gtk.css:9292:114: The :focused pseudo-class is deprecated. Use :focus instead.

(firefox:34047): Gtk-WARNING **: 17:16:27.522: Theme parsing error: gtk.css:9287:102: The :focused pseudo-class is deprecated. Use :focus instead.

(firefox:34047): Gtk-WARNING **: 17:16:27.523: Theme parsing error: gtk.css:9292:114: The :focused pseudo-class is deprecated. Use :focus instead.

(firefox:34047): Gtk-WARNING **: 17:16:27.592: Theme parsing error: gtk.css:9287:102: The :focused pseudo-class is deprecated. Use :focus instead.

(firefox:34047): Gtk-WARNING **: 17:16:27.592: Theme parsing error: gtk.css:9292:114: The :focused pseudo-class is deprecated. Use :focus instead.

(/usr/lib/firefox/firefox:34165): Gtk-WARNING **: 17:16:27.819: Theme parsing error: gtk.css:9287:102: The :focused pseudo-class is deprecated. Use :focus instead.

(/usr/lib/firefox/firefox:34165): Gtk-WARNING **: 17:16:27.819: Theme parsing error: gtk.css:9292:114: The :focused pseudo-class is deprecated. Use :focus instead.
console.warn: SearchSettings: "get: No settings file exists, new profile?" (new Error("", "(unknown module)"))

(/usr/lib/firefox/firefox:34244): Gtk-WARNING **: 17:16:28.929: Theme parsing error: gtk.css:9287:102: The :focused pseudo-class is deprecated. Use :focus instead.

(/usr/lib/firefox/firefox:34244): Gtk-WARNING **: 17:16:28.929: Theme parsing error: gtk.css:9292:114: The :focused pseudo-class is deprecated. Use :focus instead.
1619342188937	Marionette	INFO	Listening on port 39619
1619342189028	Marionette	WARN	TLS certificate errors will be ignored for this session
JavaScript warning: http://eol.sdfmu.edu.cn/meol/styles/main/js/fancyBox/lib/jquery-1.9.0.min.js, line 4: Using //@ to indicate sourceMappingURL pragmas is deprecated. Use //# instead
1619342196114	Marionette	WARN	Ignoring event 'DOMContentLoaded' because document has an invalid readyState of 'complete'.
JavaScript error: http://eol.sdfmu.edu.cn/meol/common/ueditor/ueditor.theol.js, line 2: ReferenceError: UE is not defined
JavaScript error: http://eol.sdfmu.edu.cn/meol/common/ueditor/ueditor.theol.js, line 2: ReferenceError: UE is not defined
JavaScript error: http://eol.sdfmu.edu.cn/meol/common/ueditor/ueditor.theol.js, line 2: ReferenceError: UE is not defined
JavaScript error: http://eol.sdfmu.edu.cn/meol/common/ueditor/ueditor.theol.js, line 2: ReferenceError: UE is not defined
JavaScript error: http://eol.sdfmu.edu.cn/meol/common/ueditor/ueditor.theol.js, line 2: ReferenceError: UE is not defined
JavaScript error: http://eol.sdfmu.edu.cn/meol/common/ueditor/ueditor.theol.js, line 2: ReferenceError: UE is not defined
JavaScript error: http://eol.sdfmu.edu.cn/meol/common/ueditor/ueditor.theol.js, line 2: ReferenceError: UE is not defined
JavaScript error: http://eol.sdfmu.edu.cn/meol/common/ueditor/ueditor.theol.js, line 2: ReferenceError: UE is not defined
JavaScript error: http://eol.sdfmu.edu.cn/meol/common/question/test/student/stu_qtest_main.jsp?testId=126064758, line 213: TypeError: frm is undefined
JavaScript error: http://eol.sdfmu.edu.cn/meol/common/question/test/student/stu_qtest_main.jsp?testId=126064758, line 213: TypeError: frm is undefined
console.log: WebExtensions: reset-default-search: No addons in our list are installed.
JavaScript error: http://eol.sdfmu.edu.cn/meol/common/question/test/student/stu_qtest_main.jsp?testId=126064758, line 213: TypeError: frm is undefined
JavaScript error: http://bdimg.share.baidu.com/static/api/js/trans/logger.js?v=60603cb3.js, line 1: TypeError: n.ajax.request is not a function
JavaScript warning: http://eol.sdfmu.edu.cn/meol/styles/main/js/fancyBox/lib/jquery-1.9.0.min.js, line 4: Using //@ to indicate sourceMappingURL pragmas is deprecated. Use //# instead
1619342587888	Marionette	WARN	Ignoring event 'DOMContentLoaded' because document has an invalid readyState of 'complete'.
JavaScript error: http://eol.sdfmu.edu.cn/meol/common/ueditor/ueditor.theol.js, line 2: ReferenceError: UE is not defined
JavaScript error: http://eol.sdfmu.edu.cn/meol/common/ueditor/ueditor.theol.js, line 2: ReferenceError: UE is not defined
JavaScript error: http://eol.sdfmu.edu.cn/meol/common/ueditor/ueditor.theol.js, line 2: ReferenceError: UE is not defined
JavaScript error: http://eol.sdfmu.edu.cn/meol/common/ueditor/ueditor.theol.js, line 2: ReferenceError: UE is not defined
JavaScript error: http://eol.sdfmu.edu.cn/meol/common/ueditor/ueditor.theol.js, line 2: ReferenceError: UE is not defined
JavaScript error: http://eol.sdfmu.edu.cn/meol/common/ueditor/ueditor.theol.js, line 2: ReferenceError: UE is not defined
JavaScript error: http://eol.sdfmu.edu.cn/meol/common/ueditor/ueditor.theol.js, line 2: ReferenceError: UE is not defined
JavaScript error: http://eol.sdfmu.edu.cn/meol/common/ueditor/ueditor.theol.js, line 2: ReferenceError: UE is not defined
JavaScript error: http://eol.sdfmu.edu.cn/meol/common/ueditor/ueditor.theol.js, line 2: ReferenceError: UE is not defined
JavaScript error: http://eol.sdfmu.edu.cn/meol/common/ueditor/ueditor.theol.js, line 2: ReferenceError: UE is not defined
JavaScript error: http://eol.sdfmu.edu.cn/meol/common/ueditor/ueditor.theol.js, line 2: ReferenceError: UE is not defined
JavaScript error: http://eol.sdfmu.edu.cn/meol/common/ueditor/ueditor.theol.js, line 2: ReferenceError: UE is not defined
JavaScript error: http://eol.sdfmu.edu.cn/meol/common/ueditor/ueditor.theol.js, line 2: ReferenceError: UE is not defined
JavaScript error: http://eol.sdfmu.edu.cn/meol/common/ueditor/ueditor.theol.js, line 2: ReferenceError: UE is not defined
JavaScript error: http://eol.sdfmu.edu.cn/meol/common/ueditor/ueditor.theol.js, line 2: ReferenceError: UE is not defined
JavaScript error: http://eol.sdfmu.edu.cn/meol/common/ueditor/ueditor.theol.js, line 2: ReferenceError: UE is not defined
JavaScript error: http://eol.sdfmu.edu.cn/meol/common/ueditor/ueditor.theol.js, line 2: ReferenceError: UE is not defined
JavaScript error: http://eol.sdfmu.edu.cn/meol/common/ueditor/ueditor.theol.js, line 2: ReferenceError: UE is not defined
JavaScript error: http://eol.sdfmu.edu.cn/meol/common/ueditor/ueditor.theol.js, line 2: ReferenceError: UE is not defined
1619343406259	Marionette	WARN	Ignoring event 'DOMContentLoaded' because document has an invalid readyState of 'complete'.

(/usr/lib/firefox/firefox:35593): Gtk-WARNING **: 17:36:49.573: Theme parsing error: gtk.css:9287:102: The :focused pseudo-class is deprecated. Use :focus instead.

(/usr/lib/firefox/firefox:35593): Gtk-WARNING **: 17:36:49.573: Theme parsing error: gtk.css:9292:114: The :focused pseudo-class is deprecated. Use :focus instead.
JavaScript error: http://bdimg.share.baidu.com/static/api/js/trans/logger.js?v=60603cb3.js, line 1: TypeError: n.ajax.request is not a function
1619343445149	Marionette	INFO	Stopped listening on port 39619

###!!! [Parent][RunMessage] Error: Channel closing: too late to send/recv, messages will be lost

1619343450427	geckodriver	INFO	Listening on 127.0.0.1:58949
1619343451442	mozrunner::runner	INFO	Running command: "/usr/bin/firefox" "--marionette" "-foreground" "-no-remote" "-profile" "/tmp/rust_mozprofileQm6hk8"

(firefox:35671): Gtk-WARNING **: 17:37:31.602: Theme parsing error: gtk.css:9287:102: The :focused pseudo-class is deprecated. Use :focus instead.

(firefox:35671): Gtk-WARNING **: 17:37:31.602: Theme parsing error: gtk.css:9292:114: The :focused pseudo-class is deprecated. Use :focus instead.

(/usr/lib/firefox/firefox:35757): Gtk-WARNING **: 17:37:32.654: Theme parsing error: gtk.css:9287:102: The :focused pseudo-class is deprecated. Use :focus instead.

(/usr/lib/firefox/firefox:35757): Gtk-WARNING **: 17:37:32.654: Theme parsing error: gtk.css:9292:114: The :focused pseudo-class is deprecated. Use :focus instead.

(firefox:35671): Gtk-WARNING **: 17:37:32.695: Theme parsing error: gtk.css:9287:102: The :focused pseudo-class is deprecated. Use :focus instead.

(firefox:35671): Gtk-WARNING **: 17:37:32.695: Theme parsing error: gtk.css:9292:114: The :focused pseudo-class is deprecated. Use :focus instead.

(firefox:35671): Gtk-WARNING **: 17:37:32.766: Theme parsing error: gtk.css:9287:102: The :focused pseudo-class is deprecated. Use :focus instead.

(firefox:35671): Gtk-WARNING **: 17:37:32.766: Theme parsing error: gtk.css:9292:114: The :focused pseudo-class is deprecated. Use :focus instead.

(/usr/lib/firefox/firefox:35786): Gtk-WARNING **: 17:37:32.971: Theme parsing error: gtk.css:9287:102: The :focused pseudo-class is deprecated. Use :focus instead.

(/usr/lib/firefox/firefox:35786): Gtk-WARNING **: 17:37:32.971: Theme parsing error: gtk.css:9292:114: The :focused pseudo-class is deprecated. Use :focus instead.
console.warn: SearchSettings: "get: No settings file exists, new profile?" (new Error("", "(unknown module)"))

(/usr/lib/firefox/firefox:35868): Gtk-WARNING **: 17:37:34.036: Theme parsing error: gtk.css:9287:102: The :focused pseudo-class is deprecated. Use :focus instead.

(/usr/lib/firefox/firefox:35868): Gtk-WARNING **: 17:37:34.037: Theme parsing error: gtk.css:9292:114: The :focused pseudo-class is deprecated. Use :focus instead.
1619343454054	Marionette	INFO	Listening on port 42267
1619343454165	Marionette	WARN	TLS certificate errors will be ignored for this session
JavaScript warning: http://eol.sdfmu.edu.cn/meol/styles/main/js/fancyBox/lib/jquery-1.9.0.min.js, line 4: Using //@ to indicate sourceMappingURL pragmas is deprecated. Use //# instead
JavaScript error: http://bdimg.share.baidu.com/static/api/js/trans/logger.js?v=60603cb3.js, line 1: TypeError: n.ajax.request is not a function
1619343551357	Marionette	INFO	Stopped listening on port 42267

###!!! [Parent][RunMessage] Error: Channel closing: too late to send/recv, messages will be lost

1619343553595	geckodriver	INFO	Listening on 127.0.0.1:33735
1619343553598	mozrunner::runner	INFO	Running command: "/usr/bin/firefox" "--marionette" "-foreground" "-no-remote" "-profile" "/tmp/rust_mozprofileSAhuUU"

(firefox:36001): Gtk-WARNING **: 17:39:13.671: Theme parsing error: gtk.css:9287:102: The :focused pseudo-class is deprecated. Use :focus instead.

(firefox:36001): Gtk-WARNING **: 17:39:13.671: Theme parsing error: gtk.css:9292:114: The :focused pseudo-class is deprecated. Use :focus instead.

(/usr/lib/firefox/firefox:36091): Gtk-WARNING **: 17:39:14.747: Theme parsing error: gtk.css:9287:102: The :focused pseudo-class is deprecated. Use :focus instead.

(/usr/lib/firefox/firefox:36091): Gtk-WARNING **: 17:39:14.747: Theme parsing error: gtk.css:9292:114: The :focused pseudo-class is deprecated. Use :focus instead.

(firefox:36001): Gtk-WARNING **: 17:39:14.784: Theme parsing error: gtk.css:9287:102: The :focused pseudo-class is deprecated. Use :focus instead.

(firefox:36001): Gtk-WARNING **: 17:39:14.784: Theme parsing error: gtk.css:9292:114: The :focused pseudo-class is deprecated. Use :focus instead.

(firefox:36001): Gtk-WARNING **: 17:39:14.854: Theme parsing error: gtk.css:9287:102: The :focused pseudo-class is deprecated. Use :focus instead.

(firefox:36001): Gtk-WARNING **: 17:39:14.854: Theme parsing error: gtk.css:9292:114: The :focused pseudo-class is deprecated. Use :focus instead.

(/usr/lib/firefox/firefox:36119): Gtk-WARNING **: 17:39:15.067: Theme parsing error: gtk.css:9287:102: The :focused pseudo-class is deprecated. Use :focus instead.

(/usr/lib/firefox/firefox:36119): Gtk-WARNING **: 17:39:15.067: Theme parsing error: gtk.css:9292:114: The :focused pseudo-class is deprecated. Use :focus instead.
console.warn: SearchSettings: "get: No settings file exists, new profile?" (new Error("", "(unknown module)"))

(/usr/lib/firefox/firefox:36197): Gtk-WARNING **: 17:39:16.166: Theme parsing error: gtk.css:9287:102: The :focused pseudo-class is deprecated. Use :focus instead.

(/usr/lib/firefox/firefox:36197): Gtk-WARNING **: 17:39:16.166: Theme parsing error: gtk.css:9292:114: The :focused pseudo-class is deprecated. Use :focus instead.
1619343556172	Marionette	INFO	Listening on port 43341
1619343556221	Marionette	WARN	TLS certificate errors will be ignored for this session
JavaScript warning: http://eol.sdfmu.edu.cn/meol/styles/main/js/fancyBox/lib/jquery-1.9.0.min.js, line 4: Using //@ to indicate sourceMappingURL pragmas is deprecated. Use //# instead
1619343561870	Marionette	WARN	Ignoring event 'DOMContentLoaded' because document has an invalid readyState of 'complete'.
1619343566041	Marionette	WARN	Ignoring event 'DOMContentLoaded' because document has an invalid readyState of 'complete'.
console.error: services.settings: 
  main/fxmonitor-breaches Signature failed  TypeError: NetworkError when attempting to fetch resource.
console.error: services.settings: 
  main/message-groups Signature failed  TypeError: NetworkError when attempting to fetch resource.
console.error: services.settings: 
  main/partitioning-exempt-urls Signature failed  TypeError: NetworkError when attempting to fetch resource.
console.error: services.settings: 
  main/cfr-fxa Signature failed  TypeError: NetworkError when attempting to fetch resource.
console.error: services.settings: 
  main/cfr Signature failed  TypeError: NetworkError when attempting to fetch resource.
console.error: services.settings: 
  main/whats-new-panel Signature failed  TypeError: NetworkError when attempting to fetch resource.
JavaScript error: http://eol.sdfmu.edu.cn/meol/common/ueditor/ueditor.theol.js, line 2: ReferenceError: UE is not defined
JavaScript error: http://eol.sdfmu.edu.cn/meol/common/ueditor/ueditor.theol.js, line 2: ReferenceError: UE is not defined
console.error: services.settings: 
  security-state/cert-revocations Signature failed  TypeError: NetworkError when attempting to fetch resource.
console.error: services.settings: 
  Message: TypeError: NetworkError when attempting to fetch resource.
console.error: services.settings: 
  main/normandy-recipes-capabilities Signature failed  TypeError: NetworkError when attempting to fetch resource.
console.error: services.settings: 
  Message: TypeError: NetworkError when attempting to fetch resource.
Exiting due to channel error.
Exiting due to channel error.
Exiting due to channel error.
1620720596773	geckodriver	INFO	Listening on 127.0.0.1:39533
1620720597784	mozrunner::runner	INFO	Running command: "/usr/bin/firefox" "--marionette" "-foreground" "-no-remote" "-profile" "/tmp/rust_mozprofile4Nbc9r"

(firefox:2864): Gtk-WARNING **: 16:09:57.902: Theme parsing error: gtk.css:9287:102: The :focused pseudo-class is deprecated. Use :focus instead.

(firefox:2864): Gtk-WARNING **: 16:09:57.902: Theme parsing error: gtk.css:9292:114: The :focused pseudo-class is deprecated. Use :focus instead.

(/usr/lib/firefox/firefox:2960): Gtk-WARNING **: 16:09:59.214: Theme parsing error: gtk.css:9287:102: The :focused pseudo-class is deprecated. Use :focus instead.

(/usr/lib/firefox/firefox:2960): Gtk-WARNING **: 16:09:59.214: Theme parsing error: gtk.css:9292:114: The :focused pseudo-class is deprecated. Use :focus instead.

(firefox:2864): Gtk-WARNING **: 16:09:59.253: Theme parsing error: gtk.css:9287:102: The :focused pseudo-class is deprecated. Use :focus instead.

(firefox:2864): Gtk-WARNING **: 16:09:59.253: Theme parsing error: gtk.css:9292:114: The :focused pseudo-class is deprecated. Use :focus instead.

(firefox:2864): Gtk-WARNING **: 16:09:59.321: Theme parsing error: gtk.css:9287:102: The :focused pseudo-class is deprecated. Use :focus instead.

(firefox:2864): Gtk-WARNING **: 16:09:59.321: Theme parsing error: gtk.css:9292:114: The :focused pseudo-class is deprecated. Use :focus instead.

(/usr/lib/firefox/firefox:2988): Gtk-WARNING **: 16:09:59.538: Theme parsing error: gtk.css:9287:102: The :focused pseudo-class is deprecated. Use :focus instead.

(/usr/lib/firefox/firefox:2988): Gtk-WARNING **: 16:09:59.539: Theme parsing error: gtk.css:9292:114: The :focused pseudo-class is deprecated. Use :focus instead.
console.warn: SearchSettings: "get: No settings file exists, new profile?" (new Error("", "(unknown module)"))

(/usr/lib/firefox/firefox:3067): Gtk-WARNING **: 16:10:00.761: Theme parsing error: gtk.css:9287:102: The :focused pseudo-class is deprecated. Use :focus instead.

(/usr/lib/firefox/firefox:3067): Gtk-WARNING **: 16:10:00.761: Theme parsing error: gtk.css:9292:114: The :focused pseudo-class is deprecated. Use :focus instead.
1620720600768	Marionette	INFO	Listening on port 37387
1620720600820	Marionette	WARN	TLS certificate errors will be ignored for this session
JavaScript warning: http://eol.sdfmu.edu.cn/meol/styles/main/js/fancyBox/lib/jquery-1.9.0.min.js, line 4: Using //@ to indicate sourceMappingURL pragmas is deprecated. Use //# instead
1620720606465	Marionette	WARN	Ignoring event 'DOMContentLoaded' because document has an invalid readyState of 'complete'.
1620720610725	Marionette	WARN	Ignoring event 'DOMContentLoaded' because document has an invalid readyState of 'complete'.
Exiting due to channel error.
Exiting due to channel error.
Exiting due to channel error.
1620720663725	geckodriver	INFO	Listening on 127.0.0.1:33959
1620720663728	mozrunner::runner	INFO	Running command: "/usr/bin/firefox" "--marionette" "-foreground" "-no-remote" "-profile" "/tmp/rust_mozprofileVIxZQa"

(firefox:3150): Gtk-WARNING **: 16:11:03.785: Theme parsing error: gtk.css:9287:102: The :focused pseudo-class is deprecated. Use :focus instead.

(firefox:3150): Gtk-WARNING **: 16:11:03.785: Theme parsing error: gtk.css:9292:114: The :focused pseudo-class is deprecated. Use :focus instead.

(/usr/lib/firefox/firefox:3239): Gtk-WARNING **: 16:11:04.793: Theme parsing error: gtk.css:9287:102: The :focused pseudo-class is deprecated. Use :focus instead.

(/usr/lib/firefox/firefox:3239): Gtk-WARNING **: 16:11:04.793: Theme parsing error: gtk.css:9292:114: The :focused pseudo-class is deprecated. Use :focus instead.

(firefox:3150): Gtk-WARNING **: 16:11:04.831: Theme parsing error: gtk.css:9287:102: The :focused pseudo-class is deprecated. Use :focus instead.

(firefox:3150): Gtk-WARNING **: 16:11:04.831: Theme parsing error: gtk.css:9292:114: The :focused pseudo-class is deprecated. Use :focus instead.

(firefox:3150): Gtk-WARNING **: 16:11:04.900: Theme parsing error: gtk.css:9287:102: The :focused pseudo-class is deprecated. Use :focus instead.

(firefox:3150): Gtk-WARNING **: 16:11:04.900: Theme parsing error: gtk.css:9292:114: The :focused pseudo-class is deprecated. Use :focus instead.

(/usr/lib/firefox/firefox:3267): Gtk-WARNING **: 16:11:05.111: Theme parsing error: gtk.css:9287:102: The :focused pseudo-class is deprecated. Use :focus instead.

(/usr/lib/firefox/firefox:3267): Gtk-WARNING **: 16:11:05.111: Theme parsing error: gtk.css:9292:114: The :focused pseudo-class is deprecated. Use :focus instead.
console.warn: SearchSettings: "get: No settings file exists, new profile?" (new Error("", "(unknown module)"))

(/usr/lib/firefox/firefox:3345): Gtk-WARNING **: 16:11:06.134: Theme parsing error: gtk.css:9287:102: The :focused pseudo-class is deprecated. Use :focus instead.

(/usr/lib/firefox/firefox:3345): Gtk-WARNING **: 16:11:06.134: Theme parsing error: gtk.css:9292:114: The :focused pseudo-class is deprecated. Use :focus instead.
1620720666140	Marionette	INFO	Listening on port 35807
1620720666259	Marionette	WARN	TLS certificate errors will be ignored for this session
JavaScript warning: http://eol.sdfmu.edu.cn/meol/styles/main/js/fancyBox/lib/jquery-1.9.0.min.js, line 4: Using //@ to indicate sourceMappingURL pragmas is deprecated. Use //# instead
1620720674533	Marionette	WARN	Ignoring event 'DOMContentLoaded' because document has an invalid readyState of 'complete'.
JavaScript error: http://eol.sdfmu.edu.cn/meol/common/ueditor/ueditor.theol.js, line 2: ReferenceError: UE is not defined

(/usr/lib/firefox/firefox:3452): Gtk-WARNING **: 16:13:48.675: Theme parsing error: gtk.css:9287:102: The :focused pseudo-class is deprecated. Use :focus instead.

(/usr/lib/firefox/firefox:3452): Gtk-WARNING **: 16:13:48.675: Theme parsing error: gtk.css:9292:114: The :focused pseudo-class is deprecated. Use :focus instead.
JavaScript error: http://eol.sdfmu.edu.cn/meol/common/ueditor/ueditor.theol.js, line 2: ReferenceError: UE is not defined

(/usr/lib/firefox/firefox:3499): Gtk-WARNING **: 16:14:05.818: Theme parsing error: gtk.css:9287:102: The :focused pseudo-class is deprecated. Use :focus instead.

(/usr/lib/firefox/firefox:3499): Gtk-WARNING **: 16:14:05.818: Theme parsing error: gtk.css:9292:114: The :focused pseudo-class is deprecated. Use :focus instead.
JavaScript error: http://eol.sdfmu.edu.cn/meol/common/ueditor/ueditor.theol.js, line 2: ReferenceError: UE is not defined
JavaScript error: http://eol.sdfmu.edu.cn/meol/common/ueditor/ueditor.theol.js, line 2: ReferenceError: UE is not defined

(/usr/lib/firefox/firefox:3550): Gtk-WARNING **: 16:15:17.724: Theme parsing error: gtk.css:9287:102: The :focused pseudo-class is deprecated. Use :focus instead.

(/usr/lib/firefox/firefox:3550): Gtk-WARNING **: 16:15:17.724: Theme parsing error: gtk.css:9292:114: The :focused pseudo-class is deprecated. Use :focus instead.

(/usr/lib/firefox/firefox:3595): Gtk-WARNING **: 16:15:34.141: Theme parsing error: gtk.css:9287:102: The :focused pseudo-class is deprecated. Use :focus instead.

(/usr/lib/firefox/firefox:3595): Gtk-WARNING **: 16:15:34.141: Theme parsing error: gtk.css:9292:114: The :focused pseudo-class is deprecated. Use :focus instead.
JavaScript warning: https://pos.baidu.com/wcbm?conwid=760&conhei=90&rdid=2378891&dc=3&exps=110261,110254,110011,110750&psi=defa4d5b9d25375ba3e9c349aa5b2071&di=u2378891&dri=0&dis=0&dai=4&ps=1814x390&enu=encoding&ant=0&aa=1&dcb=___adblockplus_&dtm=HTML_POST&dvi=0.0&dci=-1&dpt=none&tsr=0&tpr=1620720934966&ti=%E5%9C%B0%E5%9D%80%E9%87%8D%E5%AE%9A%E4%BD%8D%E6%8C%87%E7%9A%84%E6%98%AF()%E3%80%82_%E8%80%83%E8%AF%95%E8%B5%84%E6%96%99%E7%BD%91&ari=2&ver=0427&dbv=0&drs=1&pcs=1908x1006&pss=1908x1846&cfv=0&cpl=0&chi=1&cce=true&cec=UTF-8&tlm=1620749734&prot=2&rw=1006&ltu=https%3A%2F%2Fwww.ppkao.com%2Ftiku%2Fshiti%2Fac096a8f6c1f476db46520d81b5145f5.html&ltr=https%3A%2F%2Fwww.baidu.com%2Flink%3Furl%3DVABJ3LzbE5m5mthKaABLhGoLJlGlgMxbpX0rynIx46rVVKAaarDuyT_VpRvgZwAyMpE3x4PpELkXWXf7HUYhKMUNBghE1ZibFabdSgH6r_K%26wd%3D%26eqid%3Dd3078d6d0000614900000003609a3d15&ecd=1&uc=1920x1080&pis=-1x-1&sr=1920x1080&tcn=1620720935&qn=759f7852a3443d8c&tt=1620720935059.12.220.220, line 137: unreachable code after return statement
JavaScript warning: https://pos.baidu.com/wcbm?conwid=760&conhei=90&rdid=2378891&dc=3&exps=110261,110254,110011,110750&psi=defa4d5b9d25375ba3e9c349aa5b2071&di=u2378891&dri=0&dis=0&dai=4&ps=1814x390&enu=encoding&ant=0&aa=1&dcb=___adblockplus_&dtm=HTML_POST&dvi=0.0&dci=-1&dpt=none&tsr=0&tpr=1620720934966&ti=%E5%9C%B0%E5%9D%80%E9%87%8D%E5%AE%9A%E4%BD%8D%E6%8C%87%E7%9A%84%E6%98%AF()%E3%80%82_%E8%80%83%E8%AF%95%E8%B5%84%E6%96%99%E7%BD%91&ari=2&ver=0427&dbv=0&drs=1&pcs=1908x1006&pss=1908x1846&cfv=0&cpl=0&chi=1&cce=true&cec=UTF-8&tlm=1620749734&prot=2&rw=1006&ltu=https%3A%2F%2Fwww.ppkao.com%2Ftiku%2Fshiti%2Fac096a8f6c1f476db46520d81b5145f5.html&ltr=https%3A%2F%2Fwww.baidu.com%2Flink%3Furl%3DVABJ3LzbE5m5mthKaABLhGoLJlGlgMxbpX0rynIx46rVVKAaarDuyT_VpRvgZwAyMpE3x4PpELkXWXf7HUYhKMUNBghE1ZibFabdSgH6r_K%26wd%3D%26eqid%3Dd3078d6d0000614900000003609a3d15&ecd=1&uc=1920x1080&pis=-1x-1&sr=1920x1080&tcn=1620720935&qn=759f7852a3443d8c&tt=1620720935059.12.220.220, line 137: unreachable code after return statement
JavaScript warning: https://www.shangxueba.cn/js/wenda/jquery.min.js, line 2: Using //@ to indicate sourceMappingURL pragmas is deprecated. Use //# instead

(/usr/lib/firefox/firefox:3650): Gtk-WARNING **: 16:15:46.761: Theme parsing error: gtk.css:9287:102: The :focused pseudo-class is deprecated. Use :focus instead.

(/usr/lib/firefox/firefox:3650): Gtk-WARNING **: 16:15:46.761: Theme parsing error: gtk.css:9292:114: The :focused pseudo-class is deprecated. Use :focus instead.

(/usr/lib/firefox/firefox:3694): Gtk-WARNING **: 16:16:05.739: Theme parsing error: gtk.css:9287:102: The :focused pseudo-class is deprecated. Use :focus instead.

(/usr/lib/firefox/firefox:3694): Gtk-WARNING **: 16:16:05.740: Theme parsing error: gtk.css:9292:114: The :focused pseudo-class is deprecated. Use :focus instead.
console.log: WebExtensions: reset-default-search: No addons in our list are installed.
JavaScript error: http://bdimg.share.baidu.com/static/api/js/trans/logger.js?v=60603cb3.js, line 1: TypeError: n.ajax.request is not a function
1620721123487	Marionette	INFO	Stopped listening on port 35807

###!!! [Parent][RunMessage] Error: Channel closing: too late to send/recv, messages will be lost

1620721125522	geckodriver	INFO	Listening on 127.0.0.1:52813
1620721125525	mozrunner::runner	INFO	Running command: "/usr/bin/firefox" "--marionette" "-foreground" "-no-remote" "-profile" "/tmp/rust_mozprofileuNuanQ"

(firefox:4231): Gtk-WARNING **: 16:18:45.581: Theme parsing error: gtk.css:9287:102: The :focused pseudo-class is deprecated. Use :focus instead.

(firefox:4231): Gtk-WARNING **: 16:18:45.581: Theme parsing error: gtk.css:9292:114: The :focused pseudo-class is deprecated. Use :focus instead.

(/usr/lib/firefox/firefox:4319): Gtk-WARNING **: 16:18:46.604: Theme parsing error: gtk.css:9287:102: The :focused pseudo-class is deprecated. Use :focus instead.

(/usr/lib/firefox/firefox:4319): Gtk-WARNING **: 16:18:46.604: Theme parsing error: gtk.css:9292:114: The :focused pseudo-class is deprecated. Use :focus instead.

(firefox:4231): Gtk-WARNING **: 16:18:46.643: Theme parsing error: gtk.css:9287:102: The :focused pseudo-class is deprecated. Use :focus instead.

(firefox:4231): Gtk-WARNING **: 16:18:46.643: Theme parsing error: gtk.css:9292:114: The :focused pseudo-class is deprecated. Use :focus instead.

(firefox:4231): Gtk-WARNING **: 16:18:46.717: Theme parsing error: gtk.css:9287:102: The :focused pseudo-class is deprecated. Use :focus instead.

(firefox:4231): Gtk-WARNING **: 16:18:46.717: Theme parsing error: gtk.css:9292:114: The :focused pseudo-class is deprecated. Use :focus instead.

(/usr/lib/firefox/firefox:4344): Gtk-WARNING **: 16:18:46.925: Theme parsing error: gtk.css:9287:102: The :focused pseudo-class is deprecated. Use :focus instead.

(/usr/lib/firefox/firefox:4344): Gtk-WARNING **: 16:18:46.926: Theme parsing error: gtk.css:9292:114: The :focused pseudo-class is deprecated. Use :focus instead.
console.warn: SearchSettings: "get: No settings file exists, new profile?" (new Error("", "(unknown module)"))

(/usr/lib/firefox/firefox:4426): Gtk-WARNING **: 16:18:47.949: Theme parsing error: gtk.css:9287:102: The :focused pseudo-class is deprecated. Use :focus instead.

(/usr/lib/firefox/firefox:4426): Gtk-WARNING **: 16:18:47.949: Theme parsing error: gtk.css:9292:114: The :focused pseudo-class is deprecated. Use :focus instead.
1620721127956	Marionette	INFO	Listening on port 33965
1620721128046	Marionette	WARN	TLS certificate errors will be ignored for this session
JavaScript warning: http://eol.sdfmu.edu.cn/meol/styles/main/js/fancyBox/lib/jquery-1.9.0.min.js, line 4: Using //@ to indicate sourceMappingURL pragmas is deprecated. Use //# instead
1620721136485	Marionette	WARN	Ignoring event 'DOMContentLoaded' because document has an invalid readyState of 'complete'.
JavaScript error: http://bdimg.share.baidu.com/static/api/js/trans/logger.js?v=60603cb3.js, line 1: TypeError: n.ajax.request is not a function
1620721160100	Marionette	INFO	Stopped listening on port 33965
1620721181008	geckodriver	INFO	Listening on 127.0.0.1:50021
1620721181011	mozrunner::runner	INFO	Running command: "/usr/bin/firefox" "--marionette" "-foreground" "-no-remote" "-profile" "/tmp/rust_mozprofile9tIEHz"

(firefox:4518): Gtk-WARNING **: 16:19:41.069: Theme parsing error: gtk.css:9287:102: The :focused pseudo-class is deprecated. Use :focus instead.

(firefox:4518): Gtk-WARNING **: 16:19:41.069: Theme parsing error: gtk.css:9292:114: The :focused pseudo-class is deprecated. Use :focus instead.

(/usr/lib/firefox/firefox:4610): Gtk-WARNING **: 16:19:42.147: Theme parsing error: gtk.css:9287:102: The :focused pseudo-class is deprecated. Use :focus instead.

(/usr/lib/firefox/firefox:4610): Gtk-WARNING **: 16:19:42.148: Theme parsing error: gtk.css:9292:114: The :focused pseudo-class is deprecated. Use :focus instead.

(firefox:4518): Gtk-WARNING **: 16:19:42.185: Theme parsing error: gtk.css:9287:102: The :focused pseudo-class is deprecated. Use :focus instead.

(firefox:4518): Gtk-WARNING **: 16:19:42.185: Theme parsing error: gtk.css:9292:114: The :focused pseudo-class is deprecated. Use :focus instead.

(firefox:4518): Gtk-WARNING **: 16:19:42.264: Theme parsing error: gtk.css:9287:102: The :focused pseudo-class is deprecated. Use :focus instead.

(firefox:4518): Gtk-WARNING **: 16:19:42.264: Theme parsing error: gtk.css:9292:114: The :focused pseudo-class is deprecated. Use :focus instead.

(/usr/lib/firefox/firefox:4635): Gtk-WARNING **: 16:19:42.487: Theme parsing error: gtk.css:9287:102: The :focused pseudo-class is deprecated. Use :focus instead.

(/usr/lib/firefox/firefox:4635): Gtk-WARNING **: 16:19:42.487: Theme parsing error: gtk.css:9292:114: The :focused pseudo-class is deprecated. Use :focus instead.
console.warn: SearchSettings: "get: No settings file exists, new profile?" (new Error("", "(unknown module)"))

(/usr/lib/firefox/firefox:4714): Gtk-WARNING **: 16:19:43.515: Theme parsing error: gtk.css:9287:102: The :focused pseudo-class is deprecated. Use :focus instead.

(/usr/lib/firefox/firefox:4714): Gtk-WARNING **: 16:19:43.515: Theme parsing error: gtk.css:9292:114: The :focused pseudo-class is deprecated. Use :focus instead.
1620721183522	Marionette	INFO	Listening on port 39799
1620721183650	Marionette	WARN	TLS certificate errors will be ignored for this session
JavaScript warning: http://eol.sdfmu.edu.cn/meol/styles/main/js/fancyBox/lib/jquery-1.9.0.min.js, line 4: Using //@ to indicate sourceMappingURL pragmas is deprecated. Use //# instead
1620721189054	Marionette	WARN	Ignoring event 'DOMContentLoaded' because document has an invalid readyState of 'complete'.
1620721190751	Marionette	WARN	Ignoring event 'DOMContentLoaded' because document has an invalid readyState of 'complete'.

(/usr/lib/firefox/firefox:4795): Gtk-WARNING **: 16:21:11.576: Theme parsing error: gtk.css:9287:102: The :focused pseudo-class is deprecated. Use :focus instead.

(/usr/lib/firefox/firefox:4795): Gtk-WARNING **: 16:21:11.576: Theme parsing error: gtk.css:9292:114: The :focused pseudo-class is deprecated. Use :focus instead.
JavaScript error: http://eol.sdfmu.edu.cn/meol/common/ueditor/ueditor.theol.js, line 2: ReferenceError: UE is not defined
JavaScript error: http://eol.sdfmu.edu.cn/meol/common/ueditor/ueditor.theol.js, line 2: ReferenceError: UE is not defined

(/usr/lib/firefox/firefox:4844): Gtk-WARNING **: 16:21:57.561: Theme parsing error: gtk.css:9287:102: The :focused pseudo-class is deprecated. Use :focus instead.

(/usr/lib/firefox/firefox:4844): Gtk-WARNING **: 16:21:57.561: Theme parsing error: gtk.css:9292:114: The :focused pseudo-class is deprecated. Use :focus instead.
JavaScript error: http://eol.sdfmu.edu.cn/meol/common/ueditor/ueditor.theol.js, line 2: ReferenceError: UE is not defined

(/usr/lib/firefox/firefox:4889): Gtk-WARNING **: 16:22:11.835: Theme parsing error: gtk.css:9287:102: The :focused pseudo-class is deprecated. Use :focus instead.

(/usr/lib/firefox/firefox:4889): Gtk-WARNING **: 16:22:11.836: Theme parsing error: gtk.css:9292:114: The :focused pseudo-class is deprecated. Use :focus instead.
JavaScript error: http://eol.sdfmu.edu.cn/meol/common/ueditor/ueditor.theol.js, line 2: ReferenceError: UE is not defined

(/usr/lib/firefox/firefox:4937): Gtk-WARNING **: 16:22:40.579: Theme parsing error: gtk.css:9287:102: The :focused pseudo-class is deprecated. Use :focus instead.

(/usr/lib/firefox/firefox:4937): Gtk-WARNING **: 16:22:40.579: Theme parsing error: gtk.css:9292:114: The :focused pseudo-class is deprecated. Use :focus instead.

(/usr/lib/firefox/firefox:4986): Gtk-WARNING **: 16:23:05.956: Theme parsing error: gtk.css:9287:102: The :focused pseudo-class is deprecated. Use :focus instead.

(/usr/lib/firefox/firefox:4986): Gtk-WARNING **: 16:23:05.956: Theme parsing error: gtk.css:9292:114: The :focused pseudo-class is deprecated. Use :focus instead.
JavaScript error: http://eol.sdfmu.edu.cn/meol/common/ueditor/ueditor.theol.js, line 2: ReferenceError: UE is not defined

(/usr/lib/firefox/firefox:5033): Gtk-WARNING **: 16:23:49.673: Theme parsing error: gtk.css:9287:102: The :focused pseudo-class is deprecated. Use :focus instead.

(/usr/lib/firefox/firefox:5033): Gtk-WARNING **: 16:23:49.673: Theme parsing error: gtk.css:9292:114: The :focused pseudo-class is deprecated. Use :focus instead.
JavaScript warning: https://wappass.baidu.com/static/waplib/moonshad.js?tt=1620721432783, line 1: WebGL warning: linkProgram: Must have a compiled vertex shader attached.
JavaScript warning: https://wappass.baidu.com/static/waplib/moonshad.js?tt=1620721432783, line 1: WebGL warning: useProgram: Program must be linked successfully.
JavaScript warning: https://wappass.baidu.com/static/waplib/moonshad.js?tt=1620721432783, line 1: WebGL warning: vertexAttribI?Pointer: `index` (4294967295) must be < MAX_VERTEX_ATTRIBS.
JavaScript warning: https://wappass.baidu.com/static/waplib/moonshad.js?tt=1620721432783, line 1: WebGL warning: uniform setter: No active linked Program.
JavaScript warning: https://wappass.baidu.com/static/waplib/moonshad.js?tt=1620721432783, line 1: WebGL warning: drawArraysInstanced: The current program is not linked.
JavaScript warning: https://wappass.baidu.com/static/waplib/moonshad.js?tt=1620721433432, line 1: WebGL warning: linkProgram: Must have a compiled vertex shader attached.
JavaScript warning: https://wappass.baidu.com/static/waplib/moonshad.js?tt=1620721433432, line 1: WebGL warning: useProgram: Program must be linked successfully.
JavaScript warning: https://wappass.baidu.com/static/waplib/moonshad.js?tt=1620721433432, line 1: WebGL warning: vertexAttribI?Pointer: `index` (4294967295) must be < MAX_VERTEX_ATTRIBS.
JavaScript warning: https://wappass.baidu.com/static/waplib/moonshad.js?tt=1620721433432, line 1: WebGL warning: uniform setter: No active linked Program.
JavaScript warning: https://wappass.baidu.com/static/waplib/moonshad.js?tt=1620721433432, line 1: WebGL warning: drawArraysInstanced: The current program is not linked.
JavaScript warning: https://wappass.baidu.com/static/waplib/moonshad.js?tt=1620721433720, line 1: WebGL warning: linkProgram: Must have a compiled vertex shader attached.
JavaScript warning: https://wappass.baidu.com/static/waplib/moonshad.js?tt=1620721433720, line 1: WebGL warning: useProgram: Program must be linked successfully.
JavaScript warning: https://wappass.baidu.com/static/waplib/moonshad.js?tt=1620721433720, line 1: WebGL warning: vertexAttribI?Pointer: `index` (4294967295) must be < MAX_VERTEX_ATTRIBS.
JavaScript warning: https://wappass.baidu.com/static/waplib/moonshad.js?tt=1620721433720, line 1: WebGL warning: uniform setter: No active linked Program.
JavaScript warning: https://wappass.baidu.com/static/waplib/moonshad.js?tt=1620721433720, line 1: WebGL warning: drawArraysInstanced: The current program is not linked.
JavaScript warning: https://wappass.baidu.com/static/touch/js/lib/fingerprint.js, line 1: WebGL warning: linkProgram: Must have a compiled vertex shader attached.
JavaScript warning: https://wappass.baidu.com/static/touch/js/lib/fingerprint.js, line 1: WebGL warning: useProgram: Program must be linked successfully.
JavaScript warning: https://wappass.baidu.com/static/touch/js/lib/fingerprint.js, line 1: WebGL warning: vertexAttribI?Pointer: `index` (4294967295) must be < MAX_VERTEX_ATTRIBS.
JavaScript warning: https://wappass.baidu.com/static/touch/js/lib/fingerprint.js, line 1: WebGL warning: uniform setter: No active linked Program.
JavaScript warning: https://wappass.baidu.com/static/touch/js/lib/fingerprint.js, line 1: WebGL warning: drawArraysInstanced: The current program is not linked.
JavaScript error: http://eol.sdfmu.edu.cn/meol/common/ueditor/ueditor.theol.js, line 2: ReferenceError: UE is not defined

(/usr/lib/firefox/firefox:5124): Gtk-WARNING **: 16:24:33.283: Theme parsing error: gtk.css:9287:102: The :focused pseudo-class is deprecated. Use :focus instead.

(/usr/lib/firefox/firefox:5124): Gtk-WARNING **: 16:24:33.284: Theme parsing error: gtk.css:9292:114: The :focused pseudo-class is deprecated. Use :focus instead.
console.log: WebExtensions: reset-default-search: No addons in our list are installed.
JavaScript error: http://eol.sdfmu.edu.cn/meol/common/ueditor/ueditor.theol.js, line 2: ReferenceError: UE is not defined
JavaScript error: http://eol.sdfmu.edu.cn/meol/common/ueditor/ueditor.theol.js, line 2: ReferenceError: UE is not defined
JavaScript error: http://eol.sdfmu.edu.cn/meol/common/ueditor/ueditor.theol.js, line 2: ReferenceError: UE is not defined
JavaScript error: http://eol.sdfmu.edu.cn/meol/common/ueditor/ueditor.theol.js, line 2: ReferenceError: UE is not defined
JavaScript error: http://eol.sdfmu.edu.cn/meol/common/ueditor/ueditor.theol.js, line 2: ReferenceError: UE is not defined
JavaScript error: http://eol.sdfmu.edu.cn/meol/common/ueditor/ueditor.theol.js, line 2: ReferenceError: UE is not defined
JavaScript error: http://eol.sdfmu.edu.cn/meol/common/ueditor/ueditor.theol.js, line 2: ReferenceError: UE is not defined
JavaScript error: http://eol.sdfmu.edu.cn/meol/common/ueditor/ueditor.theol.js, line 2: ReferenceError: UE is not defined
JavaScript error: http://eol.sdfmu.edu.cn/meol/common/ueditor/ueditor.theol.js, line 2: ReferenceError: UE is not defined
JavaScript error: http://eol.sdfmu.edu.cn/meol/common/ueditor/ueditor.theol.js, line 2: ReferenceError: UE is not defined
JavaScript error: http://eol.sdfmu.edu.cn/meol/common/ueditor/ueditor.theol.js, line 2: ReferenceError: UE is not defined
JavaScript error: http://eol.sdfmu.edu.cn/meol/common/ueditor/ueditor.theol.js, line 2: ReferenceError: UE is not defined
JavaScript error: http://eol.sdfmu.edu.cn/meol/common/ueditor/ueditor.theol.js, line 2: ReferenceError: UE is not defined
JavaScript error: http://eol.sdfmu.edu.cn/meol/common/ueditor/ueditor.theol.js, line 2: ReferenceError: UE is not defined
JavaScript error: http://eol.sdfmu.edu.cn/meol/common/ueditor/ueditor.theol.js, line 2: ReferenceError: UE is not defined
JavaScript error: http://eol.sdfmu.edu.cn/meol/common/ueditor/ueditor.theol.js, line 2: ReferenceError: UE is not defined
1620723033114	Marionette	WARN	Ignoring event 'DOMContentLoaded' because document has an invalid readyState of 'complete'.

(/usr/lib/firefox/firefox:6116): Gtk-WARNING **: 16:50:36.562: Theme parsing error: gtk.css:9287:102: The :focused pseudo-class is deprecated. Use :focus instead.

(/usr/lib/firefox/firefox:6116): Gtk-WARNING **: 16:50:36.563: Theme parsing error: gtk.css:9292:114: The :focused pseudo-class is deprecated. Use :focus instead.
JavaScript error: http://bdimg.share.baidu.com/static/api/js/trans/logger.js?v=60603cb3.js, line 1: TypeError: n.ajax.request is not a function
1620723044369	Marionette	INFO	Stopped listening on port 39799

###!!! [Parent][RunMessage] Error: Channel closing: too late to send/recv, messages will be lost

1622514176458	geckodriver	INFO	Listening on 127.0.0.1:34969
1622514177461	mozrunner::runner	INFO	Running command: "/usr/bin/firefox" "--marionette" "-foreground" "-no-remote" "-profile" "/tmp/rust_mozprofile3iMSQU"

(firefox:6761): Gtk-WARNING **: 10:22:57.525: Theme parsing error: gtk.css:9287:102: The :focused pseudo-class is deprecated. Use :focus instead.

(firefox:6761): Gtk-WARNING **: 10:22:57.525: Theme parsing error: gtk.css:9292:114: The :focused pseudo-class is deprecated. Use :focus instead.

(/usr/lib/firefox/firefox:6850): Gtk-WARNING **: 10:22:58.556: Theme parsing error: gtk.css:9287:102: The :focused pseudo-class is deprecated. Use :focus instead.

(/usr/lib/firefox/firefox:6850): Gtk-WARNING **: 10:22:58.556: Theme parsing error: gtk.css:9292:114: The :focused pseudo-class is deprecated. Use :focus instead.

(firefox:6761): Gtk-WARNING **: 10:22:58.596: Theme parsing error: gtk.css:9287:102: The :focused pseudo-class is deprecated. Use :focus instead.

(firefox:6761): Gtk-WARNING **: 10:22:58.596: Theme parsing error: gtk.css:9292:114: The :focused pseudo-class is deprecated. Use :focus instead.

(firefox:6761): Gtk-WARNING **: 10:22:58.664: Theme parsing error: gtk.css:9287:102: The :focused pseudo-class is deprecated. Use :focus instead.

(firefox:6761): Gtk-WARNING **: 10:22:58.665: Theme parsing error: gtk.css:9292:114: The :focused pseudo-class is deprecated. Use :focus instead.

(/usr/lib/firefox/firefox:6878): Gtk-WARNING **: 10:22:58.868: Theme parsing error: gtk.css:9287:102: The :focused pseudo-class is deprecated. Use :focus instead.

(/usr/lib/firefox/firefox:6878): Gtk-WARNING **: 10:22:58.868: Theme parsing error: gtk.css:9292:114: The :focused pseudo-class is deprecated. Use :focus instead.
console.warn: SearchSettings: "get: No settings file exists, new profile?" (new Error("", "(unknown module)"))

(/usr/lib/firefox/firefox:6956): Gtk-WARNING **: 10:22:59.922: Theme parsing error: gtk.css:9287:102: The :focused pseudo-class is deprecated. Use :focus instead.

(/usr/lib/firefox/firefox:6956): Gtk-WARNING **: 10:22:59.922: Theme parsing error: gtk.css:9292:114: The :focused pseudo-class is deprecated. Use :focus instead.
1622514179937	Marionette	INFO	Listening on port 40093
1622514179986	Marionette	WARN	TLS certificate errors will be ignored for this session
JavaScript warning: http://eol.sdfmu.edu.cn/meol/styles/main/js/fancyBox/lib/jquery-1.9.0.min.js, line 4: Using //@ to indicate sourceMappingURL pragmas is deprecated. Use //# instead
JavaScript error: http://bdimg.share.baidu.com/static/api/js/trans/logger.js?v=60603cb3.js, line 1: TypeError: n.ajax.request is not a function
1622514193038	Marionette	INFO	Stopped listening on port 40093
